<?xml version="1.0" encoding="UTF-8"?>
<testsuite name="LoginEndpointTest" tests="2" skipped="0" failures="0" errors="0" timestamp="2022-05-21T12:46:37" hostname="DESKTOP-3PG2R85" time="1.984">
  <properties/>
  <testcase name="verifyIfUserIsAbleToLogin()" classname="LoginEndpointTest" time="1.325"/>
  <testcase name="verifyLoginXMLBodyResponse()" classname="LoginEndpointTest" time="0.659"/>
  <system-out><![CDATA[]]></system-out>
  <system-err><![CDATA[]]></system-err>
</testsuite>
